2013-05-06 19:16:52 Error: [MissingControllerException] Controller class ~alejandropardoController could not be found.
Exception Attributes: array (
  'class' => '~alejandropardoController',
  'plugin' => NULL,
)
Request URL: /tesis/prueba/cakephp/~alejandropardo/tesis/prueba/cakephp/
Stack Trace:
#0 /Users/alejandropardo/Sites/tesis/prueba/cakephp/app/webroot/index.php(109): Dispatcher->dispatch(Object(CakeRequest), Object(CakeResponse))
#1 {main}
2013-05-06 19:17:36 Error: [MissingControllerException] Controller class TesisController could not be found.
Exception Attributes: array (
  'class' => 'TesisController',
  'plugin' => NULL,
)
Request URL: /tesis/prueba/cakephp//tesis/prueba/cakephp/
Stack Trace:
#0 /Users/alejandropardo/Sites/tesis/prueba/cakephp/app/webroot/index.php(109): Dispatcher->dispatch(Object(CakeRequest), Object(CakeResponse))
#1 {main}
2013-05-06 19:38:57 Error: [MissingControllerException] Controller class ~alejandropardoController could not be found.
Exception Attributes: array (
  'class' => '~alejandropardoController',
  'plugin' => NULL,
)
Request URL: /tesis/prueba/cakephp/~alejandropardo/tesis/prueba/cakephp/
Stack Trace:
#0 /Users/alejandropardo/Sites/tesis/prueba/cakephp/app/webroot/index.php(109): Dispatcher->dispatch(Object(CakeRequest), Object(CakeResponse))
#1 {main}
2013-05-06 19:39:09 Error: [MissingControllerException] Controller class ~alejandropardoController could not be found.
Exception Attributes: array (
  'class' => '~alejandropardoController',
  'plugin' => NULL,
)
Request URL: /tesis/prueba/cakephp/~alejandropardo/tesis/prueba/cakephp/Posts/
Stack Trace:
#0 /Users/alejandropardo/Sites/tesis/prueba/cakephp/app/webroot/index.php(109): Dispatcher->dispatch(Object(CakeRequest), Object(CakeResponse))
#1 {main}
2013-05-06 19:39:13 Error: [MissingControllerException] Controller class ~alejandropardoController could not be found.
Exception Attributes: array (
  'class' => '~alejandropardoController',
  'plugin' => NULL,
)
Request URL: /tesis/prueba/cakephp/~alejandropardo/tesis/prueba/cakephp/Posts/index
Stack Trace:
#0 /Users/alejandropardo/Sites/tesis/prueba/cakephp/app/webroot/index.php(109): Dispatcher->dispatch(Object(CakeRequest), Object(CakeResponse))
#1 {main}
2013-05-06 19:39:36 Error: [MissingControllerException] Controller class PostsController could not be found.
Exception Attributes: array (
  'class' => 'PostsController',
  'plugin' => NULL,
)
Request URL: /Tesis/prueba/cakephp/Posts
Stack Trace:
#0 /Users/alejandropardo/Sites/Tesis/prueba/cakephp/app/webroot/index.php(109): Dispatcher->dispatch(Object(CakeRequest), Object(CakeResponse))
#1 {main}
2013-05-06 19:41:40 Error: [MissingControllerException] Controller class PostsController could not be found.
Exception Attributes: array (
  'class' => 'PostsController',
  'plugin' => NULL,
)
Request URL: /Tesis/prueba/cakephp/Posts/index
Stack Trace:
#0 /Users/alejandropardo/Sites/Tesis/prueba/cakephp/app/webroot/index.php(109): Dispatcher->dispatch(Object(CakeRequest), Object(CakeResponse))
#1 {main}
2013-05-06 19:42:09 Error: Fatal Error (4): parse error in [/Users/alejandropardo/Sites/Tesis/prueba/cakephp/app/Controller/PostsController.php, line 11]
2013-05-06 19:42:09 Error: [FatalErrorException] parse error
Request URL: /Tesis/prueba/cakephp/Posts/index
Stack Trace:
#0 /Users/alejandropardo/Sites/Tesis/prueba/cakephp/lib/Cake/Error/ErrorHandler.php(184): ErrorHandler::handleFatalError(4, 'parse error', '/Users/alejandr...', 11)
#1 [internal function]: ErrorHandler::handleError(4, 'parse error', '/Users/alejandr...', 11, Array)
#2 /Users/alejandropardo/Sites/Tesis/prueba/cakephp/lib/Cake/Core/App.php(926): call_user_func('ErrorHandler::h...', 4, 'parse error', '/Users/alejandr...', 11, Array)
#3 /Users/alejandropardo/Sites/Tesis/prueba/cakephp/lib/Cake/Core/App.php(899): App::_checkFatalError()
#4 [internal function]: App::shutdown()
#5 {main}
2013-05-06 19:42:30 Error: Fatal Error (4): parse error in [/Users/alejandropardo/Sites/Tesis/prueba/cakephp/app/Controller/PostsController.php, line 11]
2013-05-06 19:42:30 Error: [FatalErrorException] parse error
Request URL: /Tesis/prueba/cakephp/Posts/index/4
Stack Trace:
#0 /Users/alejandropardo/Sites/Tesis/prueba/cakephp/lib/Cake/Error/ErrorHandler.php(184): ErrorHandler::handleFatalError(4, 'parse error', '/Users/alejandr...', 11)
#1 [internal function]: ErrorHandler::handleError(4, 'parse error', '/Users/alejandr...', 11, Array)
#2 /Users/alejandropardo/Sites/Tesis/prueba/cakephp/lib/Cake/Core/App.php(926): call_user_func('ErrorHandler::h...', 4, 'parse error', '/Users/alejandr...', 11, Array)
#3 /Users/alejandropardo/Sites/Tesis/prueba/cakephp/lib/Cake/Core/App.php(899): App::_checkFatalError()
#4 [internal function]: App::shutdown()
#5 {main}
2013-05-06 19:43:06 Error: [MissingHelperException] Helper class ’Html’Helper could not be found.
Exception Attributes: array (
  'class' => '’Html’Helper',
  'plugin' => false,
)
Request URL: /Tesis/prueba/cakephp/Posts/index/4
Stack Trace:
#0 /Users/alejandropardo/Sites/Tesis/prueba/cakephp/lib/Cake/View/View.php(884): HelperCollection->load('???Html???', Array)
#1 /Users/alejandropardo/Sites/Tesis/prueba/cakephp/lib/Cake/View/View.php(464): View->loadHelpers()
#2 /Users/alejandropardo/Sites/Tesis/prueba/cakephp/lib/Cake/Controller/Controller.php(948): View->render(NULL, NULL)
#3 /Users/alejandropardo/Sites/Tesis/prueba/cakephp/lib/Cake/Routing/Dispatcher.php(194): Controller->render()
#4 /Users/alejandropardo/Sites/Tesis/prueba/cakephp/lib/Cake/Routing/Dispatcher.php(162): Dispatcher->_invoke(Object(PostsController), Object(CakeRequest), Object(CakeResponse))
#5 /Users/alejandropardo/Sites/Tesis/prueba/cakephp/app/webroot/index.php(109): Dispatcher->dispatch(Object(CakeRequest), Object(CakeResponse))
#6 {main}
2013-05-06 19:49:48 Error: [NotFoundException] Invalid post
Request URL: /Tesis/prueba/cakephp/Posts/view
Stack Trace:
#0 [internal function]: PostsController->view()
#1 /Users/alejandropardo/Sites/Tesis/prueba/cakephp/lib/Cake/Controller/Controller.php(486): ReflectionMethod->invokeArgs(Object(PostsController), Array)
#2 /Users/alejandropardo/Sites/Tesis/prueba/cakephp/lib/Cake/Routing/Dispatcher.php(187): Controller->invokeAction(Object(CakeRequest))
#3 /Users/alejandropardo/Sites/Tesis/prueba/cakephp/lib/Cake/Routing/Dispatcher.php(162): Dispatcher->_invoke(Object(PostsController), Object(CakeRequest), Object(CakeResponse))
#4 /Users/alejandropardo/Sites/Tesis/prueba/cakephp/app/webroot/index.php(109): Dispatcher->dispatch(Object(CakeRequest), Object(CakeResponse))
#5 {main}
2013-05-06 19:50:00 Error: [NotFoundException] Invalid post
Request URL: /Tesis/prueba/cakephp/Posts/view/4
Stack Trace:
#0 [internal function]: PostsController->view('4')
#1 /Users/alejandropardo/Sites/Tesis/prueba/cakephp/lib/Cake/Controller/Controller.php(486): ReflectionMethod->invokeArgs(Object(PostsController), Array)
#2 /Users/alejandropardo/Sites/Tesis/prueba/cakephp/lib/Cake/Routing/Dispatcher.php(187): Controller->invokeAction(Object(CakeRequest))
#3 /Users/alejandropardo/Sites/Tesis/prueba/cakephp/lib/Cake/Routing/Dispatcher.php(162): Dispatcher->_invoke(Object(PostsController), Object(CakeRequest), Object(CakeResponse))
#4 /Users/alejandropardo/Sites/Tesis/prueba/cakephp/app/webroot/index.php(109): Dispatcher->dispatch(Object(CakeRequest), Object(CakeResponse))
#5 {main}
2013-05-07 02:22:41 Error: Fatal Error (4): parse error in [/Users/alejandropardo/Sites/Tesis/prueba/cakephp/app/View/Posts/index.ctp, line 3]
2013-05-07 02:22:41 Error: [FatalErrorException] parse error
Request URL: /Tesis/prueba/cakephp/Posts/index
Stack Trace:
#0 /Users/alejandropardo/Sites/Tesis/prueba/cakephp/lib/Cake/Error/ErrorHandler.php(184): ErrorHandler::handleFatalError(4, 'parse error', '/Users/alejandr...', 3)
#1 [internal function]: ErrorHandler::handleError(4, 'parse error', '/Users/alejandr...', 3, Array)
#2 /Users/alejandropardo/Sites/Tesis/prueba/cakephp/lib/Cake/Core/App.php(926): call_user_func('ErrorHandler::h...', 4, 'parse error', '/Users/alejandr...', 3, Array)
#3 /Users/alejandropardo/Sites/Tesis/prueba/cakephp/lib/Cake/Core/App.php(899): App::_checkFatalError()
#4 [internal function]: App::shutdown()
#5 {main}
2013-05-07 02:22:44 Error: Fatal Error (4): parse error in [/Users/alejandropardo/Sites/Tesis/prueba/cakephp/app/View/Posts/index.ctp, line 3]
2013-05-07 02:22:44 Error: [FatalErrorException] parse error
Request URL: /Tesis/prueba/cakephp/Posts/index
Stack Trace:
#0 /Users/alejandropardo/Sites/Tesis/prueba/cakephp/lib/Cake/Error/ErrorHandler.php(184): ErrorHandler::handleFatalError(4, 'parse error', '/Users/alejandr...', 3)
#1 [internal function]: ErrorHandler::handleError(4, 'parse error', '/Users/alejandr...', 3, Array)
#2 /Users/alejandropardo/Sites/Tesis/prueba/cakephp/lib/Cake/Core/App.php(926): call_user_func('ErrorHandler::h...', 4, 'parse error', '/Users/alejandr...', 3, Array)
#3 /Users/alejandropardo/Sites/Tesis/prueba/cakephp/lib/Cake/Core/App.php(899): App::_checkFatalError()
#4 [internal function]: App::shutdown()
#5 {main}
2013-05-07 02:22:53 Error: Fatal Error (1): Call to a member function setFlash() on a non-object in [/Users/alejandropardo/Sites/Tesis/prueba/cakephp/app/Controller/PostsController.php, line 27]
2013-05-07 02:22:53 Error: [FatalErrorException] Call to a member function setFlash() on a non-object
Request URL: /Tesis/prueba/cakephp/posts/add
Stack Trace:
#0 /Users/alejandropardo/Sites/Tesis/prueba/cakephp/lib/Cake/Error/ErrorHandler.php(184): ErrorHandler::handleFatalError(1, 'Call to a membe...', '/Users/alejandr...', 27)
#1 [internal function]: ErrorHandler::handleError(1, 'Call to a membe...', '/Users/alejandr...', 27, Array)
#2 /Users/alejandropardo/Sites/Tesis/prueba/cakephp/lib/Cake/Core/App.php(926): call_user_func('ErrorHandler::h...', 1, 'Call to a membe...', '/Users/alejandr...', 27, Array)
#3 /Users/alejandropardo/Sites/Tesis/prueba/cakephp/lib/Cake/Core/App.php(899): App::_checkFatalError()
#4 [internal function]: App::shutdown()
#5 {main}
2013-05-07 02:24:59 Error: Fatal Error (1): Call to a member function setFlash() on a non-object in [/Users/alejandropardo/Sites/Tesis/prueba/cakephp/app/Controller/PostsController.php, line 25]
2013-05-07 02:24:59 Error: [FatalErrorException] Call to a member function setFlash() on a non-object
Request URL: /Tesis/prueba/cakephp/posts/add
Stack Trace:
#0 /Users/alejandropardo/Sites/Tesis/prueba/cakephp/lib/Cake/Error/ErrorHandler.php(184): ErrorHandler::handleFatalError(1, 'Call to a membe...', '/Users/alejandr...', 25)
#1 [internal function]: ErrorHandler::handleError(1, 'Call to a membe...', '/Users/alejandr...', 25, Array)
#2 /Users/alejandropardo/Sites/Tesis/prueba/cakephp/lib/Cake/Core/App.php(926): call_user_func('ErrorHandler::h...', 1, 'Call to a membe...', '/Users/alejandr...', 25, Array)
#3 /Users/alejandropardo/Sites/Tesis/prueba/cakephp/lib/Cake/Core/App.php(899): App::_checkFatalError()
#4 [internal function]: App::shutdown()
#5 {main}
2013-05-07 02:29:17 Error: [MissingComponentException] Component class ’Session’Component could not be found.
Exception Attributes: array (
  'class' => '’Session’Component',
  'plugin' => false,
)
Request URL: /Tesis/prueba/cakephp/posts/add
Stack Trace:
#0 /Users/alejandropardo/Sites/Tesis/prueba/cakephp/lib/Cake/Controller/ComponentCollection.php(53): ComponentCollection->load('???Session???', Array)
#1 /Users/alejandropardo/Sites/Tesis/prueba/cakephp/lib/Cake/Controller/Controller.php(635): ComponentCollection->init(Object(PostsController))
#2 /Users/alejandropardo/Sites/Tesis/prueba/cakephp/lib/Cake/Routing/Dispatcher.php(183): Controller->constructClasses()
#3 /Users/alejandropardo/Sites/Tesis/prueba/cakephp/lib/Cake/Routing/Dispatcher.php(162): Dispatcher->_invoke(Object(PostsController), Object(CakeRequest), Object(CakeResponse))
#4 /Users/alejandropardo/Sites/Tesis/prueba/cakephp/app/webroot/index.php(109): Dispatcher->dispatch(Object(CakeRequest), Object(CakeResponse))
#5 {main}
2013-05-07 02:39:28 Error: Fatal Error (4): parse error in [/Users/alejandropardo/Sites/Tesis/prueba/cakephp/app/Controller/PostsController.php, line 36]
2013-05-07 02:39:28 Error: [FatalErrorException] parse error
Request URL: /Tesis/prueba/cakephp/posts
Stack Trace:
#0 /Users/alejandropardo/Sites/Tesis/prueba/cakephp/lib/Cake/Error/ErrorHandler.php(184): ErrorHandler::handleFatalError(4, 'parse error', '/Users/alejandr...', 36)
#1 [internal function]: ErrorHandler::handleError(4, 'parse error', '/Users/alejandr...', 36, Array)
#2 /Users/alejandropardo/Sites/Tesis/prueba/cakephp/lib/Cake/Core/App.php(926): call_user_func('ErrorHandler::h...', 4, 'parse error', '/Users/alejandr...', 36, Array)
#3 /Users/alejandropardo/Sites/Tesis/prueba/cakephp/lib/Cake/Core/App.php(899): App::_checkFatalError()
#4 [internal function]: App::shutdown()
#5 {main}
2013-05-07 02:39:51 Error: Fatal Error (4): parse error in [/Users/alejandropardo/Sites/Tesis/prueba/cakephp/app/Controller/PostsController.php, line 36]
2013-05-07 02:39:51 Error: [FatalErrorException] parse error
Request URL: /Tesis/prueba/cakephp/posts
Stack Trace:
#0 /Users/alejandropardo/Sites/Tesis/prueba/cakephp/lib/Cake/Error/ErrorHandler.php(184): ErrorHandler::handleFatalError(4, 'parse error', '/Users/alejandr...', 36)
#1 [internal function]: ErrorHandler::handleError(4, 'parse error', '/Users/alejandr...', 36, Array)
#2 /Users/alejandropardo/Sites/Tesis/prueba/cakephp/lib/Cake/Core/App.php(926): call_user_func('ErrorHandler::h...', 4, 'parse error', '/Users/alejandr...', 36, Array)
#3 /Users/alejandropardo/Sites/Tesis/prueba/cakephp/lib/Cake/Core/App.php(899): App::_checkFatalError()
#4 [internal function]: App::shutdown()
#5 {main}
2013-05-07 02:40:05 Error: Fatal Error (4): parse error in [/Users/alejandropardo/Sites/Tesis/prueba/cakephp/app/Controller/PostsController.php, line 36]
2013-05-07 02:40:05 Error: [FatalErrorException] parse error
Request URL: /Tesis/prueba/cakephp/posts
Stack Trace:
#0 /Users/alejandropardo/Sites/Tesis/prueba/cakephp/lib/Cake/Error/ErrorHandler.php(184): ErrorHandler::handleFatalError(4, 'parse error', '/Users/alejandr...', 36)
#1 [internal function]: ErrorHandler::handleError(4, 'parse error', '/Users/alejandr...', 36, Array)
#2 /Users/alejandropardo/Sites/Tesis/prueba/cakephp/lib/Cake/Core/App.php(926): call_user_func('ErrorHandler::h...', 4, 'parse error', '/Users/alejandr...', 36, Array)
#3 /Users/alejandropardo/Sites/Tesis/prueba/cakephp/lib/Cake/Core/App.php(899): App::_checkFatalError()
#4 [internal function]: App::shutdown()
#5 {main}
2013-05-07 02:40:42 Error: Fatal Error (4): parse error in [/Users/alejandropardo/Sites/Tesis/prueba/cakephp/app/Controller/PostsController.php, line 36]
2013-05-07 02:40:42 Error: [FatalErrorException] parse error
Request URL: /Tesis/prueba/cakephp/posts
Stack Trace:
#0 /Users/alejandropardo/Sites/Tesis/prueba/cakephp/lib/Cake/Error/ErrorHandler.php(184): ErrorHandler::handleFatalError(4, 'parse error', '/Users/alejandr...', 36)
#1 [internal function]: ErrorHandler::handleError(4, 'parse error', '/Users/alejandr...', 36, Array)
#2 /Users/alejandropardo/Sites/Tesis/prueba/cakephp/lib/Cake/Core/App.php(926): call_user_func('ErrorHandler::h...', 4, 'parse error', '/Users/alejandr...', 36, Array)
#3 /Users/alejandropardo/Sites/Tesis/prueba/cakephp/lib/Cake/Core/App.php(899): App::_checkFatalError()
#4 [internal function]: App::shutdown()
#5 {main}
2013-05-07 02:41:02 Error: Fatal Error (4): parse error in [/Users/alejandropardo/Sites/Tesis/prueba/cakephp/app/Controller/PostsController.php, line 36]
2013-05-07 02:41:02 Error: [FatalErrorException] parse error
Request URL: /Tesis/prueba/cakephp/posts
Stack Trace:
#0 /Users/alejandropardo/Sites/Tesis/prueba/cakephp/lib/Cake/Error/ErrorHandler.php(184): ErrorHandler::handleFatalError(4, 'parse error', '/Users/alejandr...', 36)
#1 [internal function]: ErrorHandler::handleError(4, 'parse error', '/Users/alejandr...', 36, Array)
#2 /Users/alejandropardo/Sites/Tesis/prueba/cakephp/lib/Cake/Core/App.php(926): call_user_func('ErrorHandler::h...', 4, 'parse error', '/Users/alejandr...', 36, Array)
#3 /Users/alejandropardo/Sites/Tesis/prueba/cakephp/lib/Cake/Core/App.php(899): App::_checkFatalError()
#4 [internal function]: App::shutdown()
#5 {main}
2013-05-07 02:43:15 Error: Fatal Error (4): parse error in [/Users/alejandropardo/Sites/Tesis/prueba/cakephp/app/Controller/PostsController.php, line 36]
2013-05-07 02:43:15 Error: [FatalErrorException] parse error
Request URL: /Tesis/prueba/cakephp/posts
Stack Trace:
#0 /Users/alejandropardo/Sites/Tesis/prueba/cakephp/lib/Cake/Error/ErrorHandler.php(184): ErrorHandler::handleFatalError(4, 'parse error', '/Users/alejandr...', 36)
#1 [internal function]: ErrorHandler::handleError(4, 'parse error', '/Users/alejandr...', 36, Array)
#2 /Users/alejandropardo/Sites/Tesis/prueba/cakephp/lib/Cake/Core/App.php(926): call_user_func('ErrorHandler::h...', 4, 'parse error', '/Users/alejandr...', 36, Array)
#3 /Users/alejandropardo/Sites/Tesis/prueba/cakephp/lib/Cake/Core/App.php(899): App::_checkFatalError()
#4 [internal function]: App::shutdown()
#5 {main}
2013-05-07 02:43:17 Error: Fatal Error (4): parse error in [/Users/alejandropardo/Sites/Tesis/prueba/cakephp/app/Controller/PostsController.php, line 36]
2013-05-07 02:43:17 Error: [FatalErrorException] parse error
Request URL: /Tesis/prueba/cakephp/posts
Stack Trace:
#0 /Users/alejandropardo/Sites/Tesis/prueba/cakephp/lib/Cake/Error/ErrorHandler.php(184): ErrorHandler::handleFatalError(4, 'parse error', '/Users/alejandr...', 36)
#1 [internal function]: ErrorHandler::handleError(4, 'parse error', '/Users/alejandr...', 36, Array)
#2 /Users/alejandropardo/Sites/Tesis/prueba/cakephp/lib/Cake/Core/App.php(926): call_user_func('ErrorHandler::h...', 4, 'parse error', '/Users/alejandr...', 36, Array)
#3 /Users/alejandropardo/Sites/Tesis/prueba/cakephp/lib/Cake/Core/App.php(899): App::_checkFatalError()
#4 [internal function]: App::shutdown()
#5 {main}
2013-05-07 02:43:17 Error: Fatal Error (4): parse error in [/Users/alejandropardo/Sites/Tesis/prueba/cakephp/app/Controller/PostsController.php, line 36]
2013-05-07 02:43:17 Error: [FatalErrorException] parse error
Request URL: /Tesis/prueba/cakephp/posts
Stack Trace:
#0 /Users/alejandropardo/Sites/Tesis/prueba/cakephp/lib/Cake/Error/ErrorHandler.php(184): ErrorHandler::handleFatalError(4, 'parse error', '/Users/alejandr...', 36)
#1 [internal function]: ErrorHandler::handleError(4, 'parse error', '/Users/alejandr...', 36, Array)
#2 /Users/alejandropardo/Sites/Tesis/prueba/cakephp/lib/Cake/Core/App.php(926): call_user_func('ErrorHandler::h...', 4, 'parse error', '/Users/alejandr...', 36, Array)
#3 /Users/alejandropardo/Sites/Tesis/prueba/cakephp/lib/Cake/Core/App.php(899): App::_checkFatalError()
#4 [internal function]: App::shutdown()
#5 {main}
2013-05-07 02:43:17 Error: Fatal Error (4): parse error in [/Users/alejandropardo/Sites/Tesis/prueba/cakephp/app/Controller/PostsController.php, line 36]
2013-05-07 02:43:17 Error: [FatalErrorException] parse error
Request URL: /Tesis/prueba/cakephp/posts
Stack Trace:
#0 /Users/alejandropardo/Sites/Tesis/prueba/cakephp/lib/Cake/Error/ErrorHandler.php(184): ErrorHandler::handleFatalError(4, 'parse error', '/Users/alejandr...', 36)
#1 [internal function]: ErrorHandler::handleError(4, 'parse error', '/Users/alejandr...', 36, Array)
#2 /Users/alejandropardo/Sites/Tesis/prueba/cakephp/lib/Cake/Core/App.php(926): call_user_func('ErrorHandler::h...', 4, 'parse error', '/Users/alejandr...', 36, Array)
#3 /Users/alejandropardo/Sites/Tesis/prueba/cakephp/lib/Cake/Core/App.php(899): App::_checkFatalError()
#4 [internal function]: App::shutdown()
#5 {main}
2013-05-07 02:44:39 Error: Fatal Error (4): parse error in [/Users/alejandropardo/Sites/Tesis/prueba/cakephp/app/Controller/PostsController.php, line 36]
2013-05-07 02:44:39 Error: [FatalErrorException] parse error
Request URL: /Tesis/prueba/cakephp/posts
Stack Trace:
#0 /Users/alejandropardo/Sites/Tesis/prueba/cakephp/lib/Cake/Error/ErrorHandler.php(184): ErrorHandler::handleFatalError(4, 'parse error', '/Users/alejandr...', 36)
#1 [internal function]: ErrorHandler::handleError(4, 'parse error', '/Users/alejandr...', 36, Array)
#2 /Users/alejandropardo/Sites/Tesis/prueba/cakephp/lib/Cake/Core/App.php(926): call_user_func('ErrorHandler::h...', 4, 'parse error', '/Users/alejandr...', 36, Array)
#3 /Users/alejandropardo/Sites/Tesis/prueba/cakephp/lib/Cake/Core/App.php(899): App::_checkFatalError()
#4 [internal function]: App::shutdown()
#5 {main}
2013-05-07 02:44:44 Error: Fatal Error (4): parse error in [/Users/alejandropardo/Sites/Tesis/prueba/cakephp/app/Controller/PostsController.php, line 36]
2013-05-07 02:44:44 Error: [FatalErrorException] parse error
Request URL: /Tesis/prueba/cakephp/posts
Stack Trace:
#0 /Users/alejandropardo/Sites/Tesis/prueba/cakephp/lib/Cake/Error/ErrorHandler.php(184): ErrorHandler::handleFatalError(4, 'parse error', '/Users/alejandr...', 36)
#1 [internal function]: ErrorHandler::handleError(4, 'parse error', '/Users/alejandr...', 36, Array)
#2 /Users/alejandropardo/Sites/Tesis/prueba/cakephp/lib/Cake/Core/App.php(926): call_user_func('ErrorHandler::h...', 4, 'parse error', '/Users/alejandr...', 36, Array)
#3 /Users/alejandropardo/Sites/Tesis/prueba/cakephp/lib/Cake/Core/App.php(899): App::_checkFatalError()
#4 [internal function]: App::shutdown()
#5 {main}
2013-05-07 02:44:53 Error: Fatal Error (4): parse error in [/Users/alejandropardo/Sites/Tesis/prueba/cakephp/app/Controller/PostsController.php, line 36]
2013-05-07 02:44:53 Error: [FatalErrorException] parse error
Request URL: /Tesis/prueba/cakephp/posts/index
Stack Trace:
#0 /Users/alejandropardo/Sites/Tesis/prueba/cakephp/lib/Cake/Error/ErrorHandler.php(184): ErrorHandler::handleFatalError(4, 'parse error', '/Users/alejandr...', 36)
#1 [internal function]: ErrorHandler::handleError(4, 'parse error', '/Users/alejandr...', 36, Array)
#2 /Users/alejandropardo/Sites/Tesis/prueba/cakephp/lib/Cake/Core/App.php(926): call_user_func('ErrorHandler::h...', 4, 'parse error', '/Users/alejandr...', 36, Array)
#3 /Users/alejandropardo/Sites/Tesis/prueba/cakephp/lib/Cake/Core/App.php(899): App::_checkFatalError()
#4 [internal function]: App::shutdown()
#5 {main}
2013-05-07 02:45:41 Error: Fatal Error (4): parse error in [/Users/alejandropardo/Sites/Tesis/prueba/cakephp/app/Controller/PostsController.php, line 36]
2013-05-07 02:45:41 Error: [FatalErrorException] parse error
Request URL: /Tesis/prueba/cakephp/posts/index
Stack Trace:
#0 /Users/alejandropardo/Sites/Tesis/prueba/cakephp/lib/Cake/Error/ErrorHandler.php(184): ErrorHandler::handleFatalError(4, 'parse error', '/Users/alejandr...', 36)
#1 [internal function]: ErrorHandler::handleError(4, 'parse error', '/Users/alejandr...', 36, Array)
#2 /Users/alejandropardo/Sites/Tesis/prueba/cakephp/lib/Cake/Core/App.php(926): call_user_func('ErrorHandler::h...', 4, 'parse error', '/Users/alejandr...', 36, Array)
#3 /Users/alejandropardo/Sites/Tesis/prueba/cakephp/lib/Cake/Core/App.php(899): App::_checkFatalError()
#4 [internal function]: App::shutdown()
#5 {main}
2013-05-07 02:46:13 Error: Fatal Error (4): parse error in [/Users/alejandropardo/Sites/Tesis/prueba/cakephp/app/Controller/PostsController.php, line 36]
2013-05-07 02:46:13 Error: [FatalErrorException] parse error
Request URL: /Tesis/prueba/cakephp/posts/index
Stack Trace:
#0 /Users/alejandropardo/Sites/Tesis/prueba/cakephp/lib/Cake/Error/ErrorHandler.php(184): ErrorHandler::handleFatalError(4, 'parse error', '/Users/alejandr...', 36)
#1 [internal function]: ErrorHandler::handleError(4, 'parse error', '/Users/alejandr...', 36, Array)
#2 /Users/alejandropardo/Sites/Tesis/prueba/cakephp/lib/Cake/Core/App.php(926): call_user_func('ErrorHandler::h...', 4, 'parse error', '/Users/alejandr...', 36, Array)
#3 /Users/alejandropardo/Sites/Tesis/prueba/cakephp/lib/Cake/Core/App.php(899): App::_checkFatalError()
#4 [internal function]: App::shutdown()
#5 {main}
2013-05-07 02:46:20 Error: Fatal Error (4): parse error in [/Users/alejandropardo/Sites/Tesis/prueba/cakephp/app/Controller/PostsController.php, line 36]
2013-05-07 02:46:20 Error: [FatalErrorException] parse error
Request URL: /Tesis/prueba/cakephp/posts/index
Stack Trace:
#0 /Users/alejandropardo/Sites/Tesis/prueba/cakephp/lib/Cake/Error/ErrorHandler.php(184): ErrorHandler::handleFatalError(4, 'parse error', '/Users/alejandr...', 36)
#1 [internal function]: ErrorHandler::handleError(4, 'parse error', '/Users/alejandr...', 36, Array)
#2 /Users/alejandropardo/Sites/Tesis/prueba/cakephp/lib/Cake/Core/App.php(926): call_user_func('ErrorHandler::h...', 4, 'parse error', '/Users/alejandr...', 36, Array)
#3 /Users/alejandropardo/Sites/Tesis/prueba/cakephp/lib/Cake/Core/App.php(899): App::_checkFatalError()
#4 [internal function]: App::shutdown()
#5 {main}
2013-05-07 02:46:22 Error: Fatal Error (4): parse error in [/Users/alejandropardo/Sites/Tesis/prueba/cakephp/app/Controller/PostsController.php, line 36]
2013-05-07 02:46:22 Error: [FatalErrorException] parse error
Request URL: /Tesis/prueba/cakephp/posts/index
Stack Trace:
#0 /Users/alejandropardo/Sites/Tesis/prueba/cakephp/lib/Cake/Error/ErrorHandler.php(184): ErrorHandler::handleFatalError(4, 'parse error', '/Users/alejandr...', 36)
#1 [internal function]: ErrorHandler::handleError(4, 'parse error', '/Users/alejandr...', 36, Array)
#2 /Users/alejandropardo/Sites/Tesis/prueba/cakephp/lib/Cake/Core/App.php(926): call_user_func('ErrorHandler::h...', 4, 'parse error', '/Users/alejandr...', 36, Array)
#3 /Users/alejandropardo/Sites/Tesis/prueba/cakephp/lib/Cake/Core/App.php(899): App::_checkFatalError()
#4 [internal function]: App::shutdown()
#5 {main}
2013-05-07 02:46:23 Error: Fatal Error (4): parse error in [/Users/alejandropardo/Sites/Tesis/prueba/cakephp/app/Controller/PostsController.php, line 36]
2013-05-07 02:46:23 Error: [FatalErrorException] parse error
Request URL: /Tesis/prueba/cakephp/posts/index
Stack Trace:
#0 /Users/alejandropardo/Sites/Tesis/prueba/cakephp/lib/Cake/Error/ErrorHandler.php(184): ErrorHandler::handleFatalError(4, 'parse error', '/Users/alejandr...', 36)
#1 [internal function]: ErrorHandler::handleError(4, 'parse error', '/Users/alejandr...', 36, Array)
#2 /Users/alejandropardo/Sites/Tesis/prueba/cakephp/lib/Cake/Core/App.php(926): call_user_func('ErrorHandler::h...', 4, 'parse error', '/Users/alejandr...', 36, Array)
#3 /Users/alejandropardo/Sites/Tesis/prueba/cakephp/lib/Cake/Core/App.php(899): App::_checkFatalError()
#4 [internal function]: App::shutdown()
#5 {main}
2013-05-07 02:46:24 Error: Fatal Error (4): parse error in [/Users/alejandropardo/Sites/Tesis/prueba/cakephp/app/Controller/PostsController.php, line 36]
2013-05-07 02:46:24 Error: [FatalErrorException] parse error
Request URL: /Tesis/prueba/cakephp/posts/index
Stack Trace:
#0 /Users/alejandropardo/Sites/Tesis/prueba/cakephp/lib/Cake/Error/ErrorHandler.php(184): ErrorHandler::handleFatalError(4, 'parse error', '/Users/alejandr...', 36)
#1 [internal function]: ErrorHandler::handleError(4, 'parse error', '/Users/alejandr...', 36, Array)
#2 /Users/alejandropardo/Sites/Tesis/prueba/cakephp/lib/Cake/Core/App.php(926): call_user_func('ErrorHandler::h...', 4, 'parse error', '/Users/alejandr...', 36, Array)
#3 /Users/alejandropardo/Sites/Tesis/prueba/cakephp/lib/Cake/Core/App.php(899): App::_checkFatalError()
#4 [internal function]: App::shutdown()
#5 {main}
2013-05-07 02:46:40 Error: Fatal Error (4): parse error in [/Users/alejandropardo/Sites/Tesis/prueba/cakephp/app/Controller/PostsController.php, line 36]
2013-05-07 02:46:40 Error: [FatalErrorException] parse error
Request URL: /Tesis/prueba/cakephp/posts/index
Stack Trace:
#0 /Users/alejandropardo/Sites/Tesis/prueba/cakephp/lib/Cake/Error/ErrorHandler.php(184): ErrorHandler::handleFatalError(4, 'parse error', '/Users/alejandr...', 36)
#1 [internal function]: ErrorHandler::handleError(4, 'parse error', '/Users/alejandr...', 36, Array)
#2 /Users/alejandropardo/Sites/Tesis/prueba/cakephp/lib/Cake/Core/App.php(926): call_user_func('ErrorHandler::h...', 4, 'parse error', '/Users/alejandr...', 36, Array)
#3 /Users/alejandropardo/Sites/Tesis/prueba/cakephp/lib/Cake/Core/App.php(899): App::_checkFatalError()
#4 [internal function]: App::shutdown()
#5 {main}
2013-05-07 02:47:03 Error: Fatal Error (4): parse error in [/Users/alejandropardo/Sites/Tesis/prueba/cakephp/app/Controller/PostsController.php, line 36]
2013-05-07 02:47:03 Error: [FatalErrorException] parse error
Request URL: /Tesis/prueba/cakephp/posts/index
Stack Trace:
#0 /Users/alejandropardo/Sites/Tesis/prueba/cakephp/lib/Cake/Error/ErrorHandler.php(184): ErrorHandler::handleFatalError(4, 'parse error', '/Users/alejandr...', 36)
#1 [internal function]: ErrorHandler::handleError(4, 'parse error', '/Users/alejandr...', 36, Array)
#2 /Users/alejandropardo/Sites/Tesis/prueba/cakephp/lib/Cake/Core/App.php(926): call_user_func('ErrorHandler::h...', 4, 'parse error', '/Users/alejandr...', 36, Array)
#3 /Users/alejandropardo/Sites/Tesis/prueba/cakephp/lib/Cake/Core/App.php(899): App::_checkFatalError()
#4 [internal function]: App::shutdown()
#5 {main}
2013-05-07 02:47:06 Error: Fatal Error (4): parse error in [/Users/alejandropardo/Sites/Tesis/prueba/cakephp/app/Controller/PostsController.php, line 36]
2013-05-07 02:47:06 Error: [FatalErrorException] parse error
Request URL: /Tesis/prueba/cakephp/posts
Stack Trace:
#0 /Users/alejandropardo/Sites/Tesis/prueba/cakephp/lib/Cake/Error/ErrorHandler.php(184): ErrorHandler::handleFatalError(4, 'parse error', '/Users/alejandr...', 36)
#1 [internal function]: ErrorHandler::handleError(4, 'parse error', '/Users/alejandr...', 36, Array)
#2 /Users/alejandropardo/Sites/Tesis/prueba/cakephp/lib/Cake/Core/App.php(926): call_user_func('ErrorHandler::h...', 4, 'parse error', '/Users/alejandr...', 36, Array)
#3 /Users/alejandropardo/Sites/Tesis/prueba/cakephp/lib/Cake/Core/App.php(899): App::_checkFatalError()
#4 [internal function]: App::shutdown()
#5 {main}
2013-05-07 02:49:08 Error: Fatal Error (4): parse error in [/Users/alejandropardo/Sites/Tesis/prueba/cakephp/app/Controller/PostsController.php, line 36]
2013-05-07 02:49:08 Error: [FatalErrorException] parse error
Request URL: /Tesis/prueba/cakephp/posts/view
Stack Trace:
#0 /Users/alejandropardo/Sites/Tesis/prueba/cakephp/lib/Cake/Error/ErrorHandler.php(184): ErrorHandler::handleFatalError(4, 'parse error', '/Users/alejandr...', 36)
#1 [internal function]: ErrorHandler::handleError(4, 'parse error', '/Users/alejandr...', 36, Array)
#2 /Users/alejandropardo/Sites/Tesis/prueba/cakephp/lib/Cake/Core/App.php(926): call_user_func('ErrorHandler::h...', 4, 'parse error', '/Users/alejandr...', 36, Array)
#3 /Users/alejandropardo/Sites/Tesis/prueba/cakephp/lib/Cake/Core/App.php(899): App::_checkFatalError()
#4 [internal function]: App::shutdown()
#5 {main}
2013-05-07 02:49:12 Error: Fatal Error (4): parse error in [/Users/alejandropardo/Sites/Tesis/prueba/cakephp/app/Controller/PostsController.php, line 36]
2013-05-07 02:49:12 Error: [FatalErrorException] parse error
Request URL: /Tesis/prueba/cakephp/posts/view/4
Stack Trace:
#0 /Users/alejandropardo/Sites/Tesis/prueba/cakephp/lib/Cake/Error/ErrorHandler.php(184): ErrorHandler::handleFatalError(4, 'parse error', '/Users/alejandr...', 36)
#1 [internal function]: ErrorHandler::handleError(4, 'parse error', '/Users/alejandr...', 36, Array)
#2 /Users/alejandropardo/Sites/Tesis/prueba/cakephp/lib/Cake/Core/App.php(926): call_user_func('ErrorHandler::h...', 4, 'parse error', '/Users/alejandr...', 36, Array)
#3 /Users/alejandropardo/Sites/Tesis/prueba/cakephp/lib/Cake/Core/App.php(899): App::_checkFatalError()
#4 [internal function]: App::shutdown()
#5 {main}
2013-05-07 02:49:16 Error: Fatal Error (4): parse error in [/Users/alejandropardo/Sites/Tesis/prueba/cakephp/app/Controller/PostsController.php, line 36]
2013-05-07 02:49:16 Error: [FatalErrorException] parse error
Request URL: /Tesis/prueba/cakephp/posts/add
Stack Trace:
#0 /Users/alejandropardo/Sites/Tesis/prueba/cakephp/lib/Cake/Error/ErrorHandler.php(184): ErrorHandler::handleFatalError(4, 'parse error', '/Users/alejandr...', 36)
#1 [internal function]: ErrorHandler::handleError(4, 'parse error', '/Users/alejandr...', 36, Array)
#2 /Users/alejandropardo/Sites/Tesis/prueba/cakephp/lib/Cake/Core/App.php(926): call_user_func('ErrorHandler::h...', 4, 'parse error', '/Users/alejandr...', 36, Array)
#3 /Users/alejandropardo/Sites/Tesis/prueba/cakephp/lib/Cake/Core/App.php(899): App::_checkFatalError()
#4 [internal function]: App::shutdown()
#5 {main}
2013-05-07 02:50:02 Error: [MissingControllerException] Controller class ~alejandropardoController could not be found.
Exception Attributes: array (
  'class' => '~alejandropardoController',
  'plugin' => NULL,
)
Request URL: /tesis/prueba/cakephp/~alejandropardo/tesis/prueba/cakephp/
Stack Trace:
#0 /Users/alejandropardo/Sites/tesis/prueba/cakephp/app/webroot/index.php(109): Dispatcher->dispatch(Object(CakeRequest), Object(CakeResponse))
#1 {main}
2013-05-07 02:50:09 Error: [MissingControllerException] Controller class ~alejandropardoController could not be found.
Exception Attributes: array (
  'class' => '~alejandropardoController',
  'plugin' => NULL,
)
Request URL: /tesis/prueba/cakephp/~alejandropardo/tesis/prueba/cakephp/Posts/
Stack Trace:
#0 /Users/alejandropardo/Sites/tesis/prueba/cakephp/app/webroot/index.php(109): Dispatcher->dispatch(Object(CakeRequest), Object(CakeResponse))
#1 {main}
2013-05-07 02:50:20 Error: Fatal Error (4): parse error in [/Users/alejandropardo/Sites/tesis/prueba/cakephp/app/View/Posts/edit.ctp, line 8]
2013-05-07 02:50:20 Error: [FatalErrorException] parse error
Request URL: /tesis/prueba/cakephp/Posts/edit/5
Stack Trace:
#0 /Users/alejandropardo/Sites/tesis/prueba/cakephp/lib/Cake/Error/ErrorHandler.php(184): ErrorHandler::handleFatalError(4, 'parse error', '/Users/alejandr...', 8)
#1 [internal function]: ErrorHandler::handleError(4, 'parse error', '/Users/alejandr...', 8, Array)
#2 /Users/alejandropardo/Sites/tesis/prueba/cakephp/lib/Cake/Core/App.php(926): call_user_func('ErrorHandler::h...', 4, 'parse error', '/Users/alejandr...', 8, Array)
#3 /Users/alejandropardo/Sites/tesis/prueba/cakephp/lib/Cake/Core/App.php(899): App::_checkFatalError()
#4 [internal function]: App::shutdown()
#5 {main}
2013-05-07 02:58:41 Error: [MissingActionException] Action PostsController::display() could not be found.
Exception Attributes: array (
  'controller' => 'PostsController',
  'action' => 'display',
)
Request URL: /tesis/prueba/cakephp/posts/view/3
Stack Trace:
#0 /Users/alejandropardo/Sites/tesis/prueba/cakephp/lib/Cake/Routing/Dispatcher.php(187): Controller->invokeAction(Object(CakeRequest))
#1 /Users/alejandropardo/Sites/tesis/prueba/cakephp/lib/Cake/Routing/Dispatcher.php(162): Dispatcher->_invoke(Object(PostsController), Object(CakeRequest), Object(CakeResponse))
#2 /Users/alejandropardo/Sites/tesis/prueba/cakephp/app/webroot/index.php(109): Dispatcher->dispatch(Object(CakeRequest), Object(CakeResponse))
#3 {main}
